<?xml version="1.0" encoding="UTF-8"?>
<testng-results ignored="0" total="4" passed="4" failed="0" skipped="0">
  <reporter-output>
  </reporter-output>
  <suite started-at="2022-11-13T17:40:42 IST" name="Default suite" finished-at="2022-11-13T17:40:42 IST" duration-ms="175">
    <groups>
    </groups>
    <test started-at="2022-11-13T17:40:42 IST" name="Default test" finished-at="2022-11-13T17:40:42 IST" duration-ms="175">
      <class name="src.TestNG_BasicCheck2">
        <test-method is-config="true" signature="beforeClass()[pri:0, instance:src.TestNG_BasicCheck2@647e447]" started-at="2022-11-13T17:40:42 IST" name="beforeClass" finished-at="2022-11-13T17:40:42 IST" duration-ms="12" status="PASS">
          <reporter-output>
          </reporter-output>
        </test-method> <!-- beforeClass -->
        <test-method is-config="true" signature="beforeMethod()[pri:0, instance:src.TestNG_BasicCheck2@647e447]" started-at="2022-11-13T17:40:42 IST" name="beforeMethod" finished-at="2022-11-13T17:40:42 IST" duration-ms="1" status="PASS">
          <reporter-output>
          </reporter-output>
        </test-method> <!-- beforeMethod -->
        <test-method signature="test3()[pri:0, instance:src.TestNG_BasicCheck2@647e447]" started-at="2022-11-13T17:40:42 IST" name="test3" finished-at="2022-11-13T17:40:42 IST" duration-ms="15" status="PASS">
          <reporter-output>
          </reporter-output>
        </test-method> <!-- test3 -->
        <test-method is-config="true" signature="afterMethod()[pri:0, instance:src.TestNG_BasicCheck2@647e447]" started-at="2022-11-13T17:40:42 IST" name="afterMethod" finished-at="2022-11-13T17:40:42 IST" duration-ms="3" status="PASS">
          <reporter-output>
          </reporter-output>
        </test-method> <!-- afterMethod -->
        <test-method is-config="true" signature="beforeMethod()[pri:0, instance:src.TestNG_BasicCheck2@647e447]" started-at="2022-11-13T17:40:42 IST" name="beforeMethod" finished-at="2022-11-13T17:40:42 IST" duration-ms="0" status="PASS">
          <reporter-output>
          </reporter-output>
        </test-method> <!-- beforeMethod -->
        <test-method signature="test4()[pri:0, instance:src.TestNG_BasicCheck2@647e447]" started-at="2022-11-13T17:40:42 IST" name="test4" finished-at="2022-11-13T17:40:42 IST" duration-ms="15" status="PASS">
          <reporter-output>
          </reporter-output>
        </test-method> <!-- test4 -->
        <test-method is-config="true" signature="afterMethod()[pri:0, instance:src.TestNG_BasicCheck2@647e447]" started-at="2022-11-13T17:40:42 IST" name="afterMethod" finished-at="2022-11-13T17:40:42 IST" duration-ms="1" status="PASS">
          <reporter-output>
          </reporter-output>
        </test-method> <!-- afterMethod -->
        <test-method is-config="true" signature="beforeMethod()[pri:0, instance:src.TestNG_BasicCheck2@647e447]" started-at="2022-11-13T17:40:42 IST" name="beforeMethod" finished-at="2022-11-13T17:40:42 IST" duration-ms="1" status="PASS">
          <reporter-output>
          </reporter-output>
        </test-method> <!-- beforeMethod -->
        <test-method signature="test1()[pri:2, instance:src.TestNG_BasicCheck2@647e447]" started-at="2022-11-13T17:40:42 IST" name="test1" finished-at="2022-11-13T17:40:42 IST" duration-ms="10" status="PASS">
          <reporter-output>
          </reporter-output>
        </test-method> <!-- test1 -->
        <test-method is-config="true" signature="afterMethod()[pri:0, instance:src.TestNG_BasicCheck2@647e447]" started-at="2022-11-13T17:40:42 IST" name="afterMethod" finished-at="2022-11-13T17:40:42 IST" duration-ms="3" status="PASS">
          <reporter-output>
          </reporter-output>
        </test-method> <!-- afterMethod -->
        <test-method is-config="true" signature="beforeMethod()[pri:0, instance:src.TestNG_BasicCheck2@647e447]" started-at="2022-11-13T17:40:42 IST" name="beforeMethod" finished-at="2022-11-13T17:40:42 IST" duration-ms="2" status="PASS">
          <reporter-output>
          </reporter-output>
        </test-method> <!-- beforeMethod -->
        <test-method signature="test2()[pri:2, instance:src.TestNG_BasicCheck2@647e447]" started-at="2022-11-13T17:40:42 IST" name="test2" finished-at="2022-11-13T17:40:42 IST" duration-ms="6" status="PASS">
          <reporter-output>
          </reporter-output>
        </test-method> <!-- test2 -->
        <test-method is-config="true" signature="afterMethod()[pri:0, instance:src.TestNG_BasicCheck2@647e447]" started-at="2022-11-13T17:40:42 IST" name="afterMethod" finished-at="2022-11-13T17:40:42 IST" duration-ms="3" status="PASS">
          <reporter-output>
          </reporter-output>
        </test-method> <!-- afterMethod -->
        <test-method is-config="true" signature="afterClass()[pri:0, instance:src.TestNG_BasicCheck2@647e447]" started-at="2022-11-13T17:40:42 IST" name="afterClass" finished-at="2022-11-13T17:40:42 IST" duration-ms="2" status="PASS">
          <reporter-output>
          </reporter-output>
        </test-method> <!-- afterClass -->
      </class> <!-- src.TestNG_BasicCheck2 -->
    </test> <!-- Default test -->
  </suite> <!-- Default suite -->
</testng-results>
