<?xml version="1.0" encoding="UTF-8"?>
<!-- Generated by org.testng.reporters.JUnitXMLReporter -->
<testsuite ignored="0" hostname="DESKTOP-M3GNGDS" failures="0" tests="4" name="Default test" time="0.175" errors="0" timestamp="2022-11-13T17:40:42 IST">
  <testcase classname="src.TestNG_BasicCheck2" name="test3" time="0.015"/>
  <testcase classname="src.TestNG_BasicCheck2" name="test4" time="0.015"/>
  <testcase classname="src.TestNG_BasicCheck2" name="test1" time="0.01"/>
  <testcase classname="src.TestNG_BasicCheck2" name="test2" time="0.006"/>
</testsuite> <!-- Default test -->
